Línea 65: la clase MSDataGridLib.DataGrid del control DataGrid1 no era una clase de control cargada.
Línea 170: la clase MSAdodcLib.Adodc del control adodc1 no era una clase de control cargada.
Línea 217: la clase MSComctlLib.Toolbar del control Toolbar1 no era una clase de control cargada.
Línea 66: el nombre de la propiedad Bindings de DataGrid1 no es válido.
Línea 72: el nombre de la propiedad _ExtentX de DataGrid1 no es válido.
Línea 73: el nombre de la propiedad _ExtentY de DataGrid1 no es válido.
Línea 74: el nombre de la propiedad _Version de DataGrid1 no es válido.
Línea 75: el nombre de la propiedad AllowUpdate de DataGrid1 no es válido.
Línea 77: el nombre de la propiedad HeadLines de DataGrid1 no es válido.
Línea 78: el nombre de la propiedad RowHeight de DataGrid1 no es válido.
Línea 87: el nombre de la propiedad HeadFont de DataGrid1 no es válido.
Línea 97: el nombre de la propiedad ColumnCount de DataGrid1 no es válido.
Línea 110: el nombre de la propiedad Column00 de DataGrid1 no es válido.
Línea 123: el nombre de la propiedad Column01 de DataGrid1 no es válido.
Línea 124: el nombre de la propiedad SplitCount de DataGrid1 no es válido.
Línea 133: el nombre de la propiedad Split0 de DataGrid1 no es válido.
Línea 176: el nombre de la propiedad _ExtentX de adodc1 no es válido.
Línea 177: el nombre de la propiedad _ExtentY de adodc1 no es válido.
Línea 178: el nombre de la propiedad ConnectMode de adodc1 no es válido.
Línea 179: el nombre de la propiedad CursorLocation de adodc1 no es válido.
Línea 180: el nombre de la propiedad IsolationLevel de adodc1 no es válido.
Línea 181: el nombre de la propiedad ConnectionTimeout de adodc1 no es válido.
Línea 182: el nombre de la propiedad CommandTimeout de adodc1 no es válido.
Línea 183: el nombre de la propiedad CursorType de adodc1 no es válido.
Línea 184: el nombre de la propiedad LockType de adodc1 no es válido.
Línea 185: el nombre de la propiedad CommandType de adodc1 no es válido.
Línea 186: el nombre de la propiedad CursorOptions de adodc1 no es válido.
Línea 187: el nombre de la propiedad CacheSize de adodc1 no es válido.
Línea 188: el nombre de la propiedad MaxRecords de adodc1 no es válido.
Línea 189: el nombre de la propiedad BOFAction de adodc1 no es válido.
Línea 190: el nombre de la propiedad EOFAction de adodc1 no es válido.
Línea 191: el nombre de la propiedad ConnectStringType de adodc1 no es válido.
Línea 195: el nombre de la propiedad Orientation de adodc1 no es válido.
Línea 197: el nombre de la propiedad Connect de adodc1 no es válido.
Línea 198: el nombre de la propiedad OLEDBString de adodc1 no es válido.
Línea 199: el nombre de la propiedad OLEDBFile de adodc1 no es válido.
Línea 200: el nombre de la propiedad DataSourceName de adodc1 no es válido.
Línea 201: el nombre de la propiedad OtherAttributes de adodc1 no es válido.
Línea 202: el nombre de la propiedad UserName de adodc1 no es válido.
Línea 203: el nombre de la propiedad Password de adodc1 no es válido.
Línea 204: el nombre de la propiedad RecordSource de adodc1 no es válido.
Línea 205: el nombre de la propiedad Caption de adodc1 no es válido.
Línea 215: el nombre de la propiedad _Version de adodc1 no es válido.
Línea 224: el nombre de la propiedad _ExtentX de Toolbar1 no es válido.
Línea 225: el nombre de la propiedad _ExtentY de Toolbar1 no es válido.
Línea 226: el nombre de la propiedad ButtonWidth de Toolbar1 no es válido.
Línea 227: el nombre de la propiedad ButtonHeight de Toolbar1 no es válido.
Línea 228: el nombre de la propiedad AllowCustomize de Toolbar1 no es válido.
Línea 230: el nombre de la propiedad Style de Toolbar1 no es válido.
Línea 231: el nombre de la propiedad _Version de Toolbar1 no es válido.
Línea 277: el nombre de la propiedad Buttons de Toolbar1 no es válido.
