Línea 98: la clase MSComctlLib.ProgressBar del control pb5 no era una clase de control cargada.
Línea 1481: la clase MSComctlLib.ProgressBar del control pb9 no era una clase de control cargada.
Línea 1693: la clase MSComctlLib.ProgressBar del control ProgressBar5 no era una clase de control cargada.
Línea 1856: la clase MSComctlLib.ProgressBar del control pb7 no era una clase de control cargada.
Línea 2229: la clase MSComctlLib.ProgressBar del control pb2 no era una clase de control cargada.
Línea 2240: la clase MSComDlg.CommonDialog del control CommonDialog2 no era una clase de control cargada.
Línea 3206: la clase MSComctlLib.ListView del control ListView1 no era una clase de control cargada.
Línea 4320: la clase MSComctlLib.ProgressBar del control ProgressBar1 no era una clase de control cargada.
Línea 4828: la clase MSComctlLib.ProgressBar del control ProgressBar4 no era una clase de control cargada.
Línea 5863: la clase MSComctlLib.ProgressBar del control ProgressBar3 no era una clase de control cargada.
Línea 6202: la clase MSComctlLib.ProgressBar del control Pb6 no era una clase de control cargada.
Línea 6912: la clase MSComctlLib.ProgressBar del control Pb3 no era una clase de control cargada.
Línea 6924: la clase MSComctlLib.ListView del control ListView1 no era una clase de control cargada.
Línea 7247: la clase MSComctlLib.ProgressBar del control Pb8 no era una clase de control cargada.
Línea 7621: la clase MSComDlg.CommonDialog del control cd1 no era una clase de control cargada.
Línea 9390: la clase MSComctlLib.ProgressBar del control ProgressBar2 no era una clase de control cargada.
Línea 10297: la clase MSComctlLib.ProgressBar del control Pb4 no era una clase de control cargada.
Línea 11423: la clase MSComctlLib.ListView del control ListView1 no era una clase de control cargada.
Línea 11640: la clase MSComctlLib.ProgressBar del control pb1 no era una clase de control cargada.
Línea 11677: la clase MSComDlg.CommonDialog del control CommonDialog1 no era una clase de control cargada.
