Línea 1363: no se pudo establecer la propiedad Picture de imgFecha.
Línea 1501: no se pudo establecer la propiedad MouseIcon de imgBuscar.
Línea 1511: no se pudo establecer la propiedad MouseIcon de imgBuscar.
Línea 1582: no se pudo establecer la propiedad Picture de Command6.
Línea 1592: no se pudo establecer la propiedad Picture de Command5.
Línea 1822: no se pudo establecer la propiedad MouseIcon de imgBuscar.
Línea 1832: no se pudo establecer la propiedad MouseIcon de imgBuscar.
Línea 1842: no se pudo establecer la propiedad MouseIcon de imgBuscar.
Línea 1852: no se pudo establecer la propiedad MouseIcon de imgBuscar.
Línea 2053: no se pudo establecer la propiedad Picture de imgFecha.
Línea 2433: no se pudo establecer la propiedad MouseIcon de imgBuscar.
Línea 2443: no se pudo establecer la propiedad MouseIcon de imgBuscar.
Línea 2453: no se pudo establecer la propiedad Picture de imgFecha.
Línea 2461: no se pudo establecer la propiedad Picture de imgFecha.
Línea 2589: no se pudo establecer la propiedad MouseIcon de imgBuscar.
Línea 2599: no se pudo establecer la propiedad MouseIcon de imgBuscar.
Línea 2866: no se pudo establecer la propiedad Picture de Command2.
Línea 2876: no se pudo establecer la propiedad Picture de Command1.
Línea 3063: no se pudo establecer la propiedad MouseIcon de imgBuscar.
Línea 3073: no se pudo establecer la propiedad MouseIcon de imgBuscar.
Línea 3083: no se pudo establecer la propiedad MouseIcon de imgBuscar.
Línea 3093: no se pudo establecer la propiedad MouseIcon de imgBuscar.
Línea 3225: no se pudo establecer la propiedad Picture de Command4.
Línea 3235: no se pudo establecer la propiedad Picture de Command3.
Línea 3366: no se pudo establecer la propiedad MouseIcon de imgBuscar.
Línea 3376: no se pudo establecer la propiedad MouseIcon de imgBuscar.
Línea 3393: no se pudo establecer la propiedad Picture de cmdSubir.
Línea 3403: no se pudo establecer la propiedad Picture de cmdBajar.
Línea 3555: no se pudo establecer la propiedad MouseIcon de imgBuscar.
Línea 3565: no se pudo establecer la propiedad MouseIcon de imgBuscar.
Línea 1501: no se pudo establecer la propiedad MouseIcon de imgBuscar.
Línea 1511: no se pudo establecer la propiedad MouseIcon de imgBuscar.
Línea 1582: no se pudo establecer la propiedad Picture de Command6.
Línea 1592: no se pudo establecer la propiedad Picture de Command5.
Línea 1822: no se pudo establecer la propiedad MouseIcon de imgBuscar.
Línea 1832: no se pudo establecer la propiedad MouseIcon de imgBuscar.
Línea 1842: no se pudo establecer la propiedad MouseIcon de imgBuscar.
Línea 1852: no se pudo establecer la propiedad MouseIcon de imgBuscar.
Línea 2053: no se pudo establecer la propiedad Picture de imgFecha.
Línea 2433: no se pudo establecer la propiedad MouseIcon de imgBuscar.
Línea 2443: no se pudo establecer la propiedad MouseIcon de imgBuscar.
Línea 2453: no se pudo establecer la propiedad Picture de imgFecha.
Línea 2461: no se pudo establecer la propiedad Picture de imgFecha.
Línea 2589: no se pudo establecer la propiedad MouseIcon de imgBuscar.
Línea 2599: no se pudo establecer la propiedad MouseIcon de imgBuscar.
Línea 2866: no se pudo establecer la propiedad Picture de Command2.
Línea 2876: no se pudo establecer la propiedad Picture de Command1.
Línea 3063: no se pudo establecer la propiedad MouseIcon de imgBuscar.
Línea 3073: no se pudo establecer la propiedad MouseIcon de imgBuscar.
Línea 3083: no se pudo establecer la propiedad MouseIcon de imgBuscar.
Línea 3093: no se pudo establecer la propiedad MouseIcon de imgBuscar.
Línea 3225: no se pudo establecer la propiedad Picture de Command4.
Línea 3235: no se pudo establecer la propiedad Picture de Command3.
Línea 3366: no se pudo establecer la propiedad MouseIcon de imgBuscar.
Línea 3376: no se pudo establecer la propiedad MouseIcon de imgBuscar.
Línea 3393: no se pudo establecer la propiedad Picture de cmdSubir.
Línea 3403: no se pudo establecer la propiedad Picture de cmdBajar.
Línea 3555: no se pudo establecer la propiedad MouseIcon de imgBuscar.
Línea 3565: no se pudo establecer la propiedad MouseIcon de imgBuscar.
