Línea 145: la clase MSAdodcLib.Adodc del control Data1 no era una clase de control cargada.
Línea 192: la clase MSComctlLib.Toolbar del control Toolbar1 no era una clase de control cargada.
Línea 305: la clase TabDlg.SSTab del control SSTab1 no era una clase de control cargada.
Línea 491: la clase MSComctlLib.Toolbar del control ToolAux no era una clase de control cargada.
Línea 520: la clase MSAdodcLib.Adodc del control AdoAux no era una clase de control cargada.
Línea 568: la clase MSDataGridLib.DataGrid del control DataGridAux no era una clase de control cargada.
Línea 926: la clase MSComctlLib.Toolbar del control ToolAux no era una clase de control cargada.
Línea 955: la clase MSAdodcLib.Adodc del control AdoAux no era una clase de control cargada.
Línea 1003: la clase MSDataGridLib.DataGrid del control DataGridAux no era una clase de control cargada.
Línea 1357: la clase MSComctlLib.Toolbar del control ToolAux no era una clase de control cargada.
Línea 1386: la clase MSAdodcLib.Adodc del control AdoAux no era una clase de control cargada.
Línea 1434: la clase MSDataGridLib.DataGrid del control DataGridAux no era una clase de control cargada.
Línea 1825: la clase MSComctlLib.Toolbar del control ToolAux no era una clase de control cargada.
Línea 1854: la clase MSAdodcLib.Adodc del control AdoAux no era una clase de control cargada.
Línea 1902: la clase MSDataGridLib.DataGrid del control DataGridAux no era una clase de control cargada.
Línea 2489: la clase MSComctlLib.Toolbar del control Toolbar2 no era una clase de control cargada.
Línea 2550: la clase MSComctlLib.ListView del control lw1 no era una clase de control cargada.
Línea 2571: la clase MSComctlLib.Toolbar del control Toolbar3 no era una clase de control cargada.
Línea 2643: la clase MSComctlLib.Toolbar del control Toolbar4 no era una clase de control cargada.
Línea 2760: la clase MSAdodcLib.Adodc del control Adodc1 no era una clase de control cargada.
