Línea 626: la clase MSComctlLib.Toolbar del control Toolbar1 no era una clase de control cargada.
Línea 733: la clase TabDlg.SSTab del control SSTab1 no era una clase de control cargada.
Línea 771: la clase TabDlg.SSTab del control SSTab2 no era una clase de control cargada.
Línea 919: la clase MSAdodcLib.Adodc del control AdoAux no era una clase de control cargada.
Línea 967: la clase MSComctlLib.Toolbar del control Toolbar3 no era una clase de control cargada.
Línea 987: la clase MSComctlLib.Toolbar del control Toolbar3 no era una clase de control cargada.
Línea 1273: la clase MSAdodcLib.Adodc del control AdoAux no era una clase de control cargada.
Línea 1321: la clase MSComctlLib.Toolbar del control Toolbar3 no era una clase de control cargada.
Línea 1341: la clase MSComctlLib.Toolbar del control Toolbar3 no era una clase de control cargada.
Línea 1654: la clase MSAdodcLib.Adodc del control AdoAux no era una clase de control cargada.
Línea 1702: la clase MSComctlLib.Toolbar del control Toolbar3 no era una clase de control cargada.
Línea 1722: la clase MSComctlLib.Toolbar del control Toolbar3 no era una clase de control cargada.
Línea 2020: la clase MSAdodcLib.Adodc del control AdoAux no era una clase de control cargada.
Línea 2068: la clase MSComctlLib.Toolbar del control Toolbar3 no era una clase de control cargada.
Línea 2088: la clase MSComctlLib.Toolbar del control Toolbar3 no era una clase de control cargada.
Línea 2281: la clase MSComctlLib.Toolbar del control Toolbar2 no era una clase de control cargada.
Línea 2480: la clase MSAdodcLib.Adodc del control AdoAux no era una clase de control cargada.
Línea 2837: la clase MSComctlLib.Toolbar del control ToolAux no era una clase de control cargada.
Línea 2865: la clase MSAdodcLib.Adodc del control AdoAux no era una clase de control cargada.
Línea 2913: la clase MSDataGridLib.DataGrid del control DataGridAux no era una clase de control cargada.
Línea 3076: la clase MSComctlLib.Toolbar del control ToolAux no era una clase de control cargada.
Línea 3104: la clase MSAdodcLib.Adodc del control AdoAux no era una clase de control cargada.
Línea 3152: la clase MSDataGridLib.DataGrid del control DataGridAux no era una clase de control cargada.
Línea 3225: la clase MSAdodcLib.Adodc del control Data1 no era una clase de control cargada.
