Línea 20: la clase TabDlg.SSTab del control SSTab1 no era una clase de control cargada.
Línea 2531: la clase MSComctlLib.Toolbar del control Toolbar1 no era una clase de control cargada.
Línea 2568: la clase MSAdodcLib.Adodc del control Data1 no era una clase de control cargada.
Línea 26: el nombre de la propiedad _ExtentX de SSTab1 no es válido.
Línea 27: el nombre de la propiedad _ExtentY de SSTab1 no es válido.
Línea 28: el nombre de la propiedad _Version de SSTab1 no es válido.
Línea 29: el nombre de la propiedad Tabs de SSTab1 no es válido.
Línea 30: el nombre de la propiedad Tab de SSTab1 no es válido.
Línea 31: el nombre de la propiedad TabsPerRow de SSTab1 no es válido.
Línea 32: el nombre de la propiedad TabHeight de SSTab1 no es válido.
Línea 34: el nombre de la propiedad TabCaption(0) de SSTab1 no es válido.
Línea 35: el nombre de la propiedad TabPicture(0) de SSTab1 no es válido.
Línea 36: el nombre de la propiedad Tab(0).ControlEnabled de SSTab1 no es válido.
Línea 37: el nombre de la propiedad Tab(0).Control(0) de SSTab1 no es válido.
Línea 38: el nombre de la propiedad Tab(0).Control(0).Enabled de SSTab1 no es válido.
Línea 39: el nombre de la propiedad Tab(0).Control(1) de SSTab1 no es válido.
Línea 40: el nombre de la propiedad Tab(0).Control(1).Enabled de SSTab1 no es válido.
Línea 41: el nombre de la propiedad Tab(0).ControlCount de SSTab1 no es válido.
Línea 42: el nombre de la propiedad TabCaption(1) de SSTab1 no es válido.
Línea 43: el nombre de la propiedad TabPicture(1) de SSTab1 no es válido.
Línea 44: el nombre de la propiedad Tab(1).ControlEnabled de SSTab1 no es válido.
Línea 45: el nombre de la propiedad Tab(1).Control(0) de SSTab1 no es válido.
Línea 46: el nombre de la propiedad Tab(1).Control(0).Enabled de SSTab1 no es válido.
Línea 47: el nombre de la propiedad Tab(1).Control(1) de SSTab1 no es válido.
Línea 48: el nombre de la propiedad Tab(1).Control(1).Enabled de SSTab1 no es válido.
Línea 49: el nombre de la propiedad Tab(1).ControlCount de SSTab1 no es válido.
Línea 50: el nombre de la propiedad TabCaption(2) de SSTab1 no es válido.
Línea 51: el nombre de la propiedad TabPicture(2) de SSTab1 no es válido.
Línea 52: el nombre de la propiedad Tab(2).ControlEnabled de SSTab1 no es válido.
Línea 53: el nombre de la propiedad Tab(2).Control(0) de SSTab1 no es válido.
Línea 54: el nombre de la propiedad Tab(2).Control(0).Enabled de SSTab1 no es válido.
Línea 55: el nombre de la propiedad Tab(2).Control(1) de SSTab1 no es válido.
Línea 56: el nombre de la propiedad Tab(2).Control(1).Enabled de SSTab1 no es válido.
Línea 57: el nombre de la propiedad Tab(2).Control(2) de SSTab1 no es válido.
Línea 58: el nombre de la propiedad Tab(2).Control(2).Enabled de SSTab1 no es válido.
Línea 59: el nombre de la propiedad Tab(2).Control(3) de SSTab1 no es válido.
Línea 60: el nombre de la propiedad Tab(2).Control(3).Enabled de SSTab1 no es válido.
Línea 61: el nombre de la propiedad Tab(2).Control(4) de SSTab1 no es válido.
Línea 62: el nombre de la propiedad Tab(2).Control(4).Enabled de SSTab1 no es válido.
Línea 63: el nombre de la propiedad Tab(2).Control(5) de SSTab1 no es válido.
Línea 64: el nombre de la propiedad Tab(2).Control(5).Enabled de SSTab1 no es válido.
Línea 65: el nombre de la propiedad Tab(2).Control(6) de SSTab1 no es válido.
Línea 66: el nombre de la propiedad Tab(2).Control(6).Enabled de SSTab1 no es válido.
Línea 67: el nombre de la propiedad Tab(2).Control(7) de SSTab1 no es válido.
Línea 68: el nombre de la propiedad Tab(2).Control(7).Enabled de SSTab1 no es válido.
Línea 69: el nombre de la propiedad Tab(2).Control(8) de SSTab1 no es válido.
Línea 70: el nombre de la propiedad Tab(2).Control(8).Enabled de SSTab1 no es válido.
Línea 71: el nombre de la propiedad Tab(2).Control(9) de SSTab1 no es válido.
Línea 72: el nombre de la propiedad Tab(2).Control(9).Enabled de SSTab1 no es válido.
Línea 73: el nombre de la propiedad Tab(2).Control(10) de SSTab1 no es válido.
Línea 74: el nombre de la propiedad Tab(2).Control(10).Enabled de SSTab1 no es válido.
Línea 75: el nombre de la propiedad Tab(2).Control(11) de SSTab1 no es válido.
Línea 76: el nombre de la propiedad Tab(2).Control(11).Enabled de SSTab1 no es válido.
Línea 77: el nombre de la propiedad Tab(2).Control(12) de SSTab1 no es válido.
Línea 78: el nombre de la propiedad Tab(2).Control(12).Enabled de SSTab1 no es válido.
Línea 79: el nombre de la propiedad Tab(2).Control(13) de SSTab1 no es válido.
Línea 80: el nombre de la propiedad Tab(2).Control(13).Enabled de SSTab1 no es válido.
Línea 81: el nombre de la propiedad Tab(2).Control(14) de SSTab1 no es válido.
Línea 82: el nombre de la propiedad Tab(2).Control(14).Enabled de SSTab1 no es válido.
Línea 83: el nombre de la propiedad Tab(2).Control(15) de SSTab1 no es válido.
Línea 84: el nombre de la propiedad Tab(2).Control(15).Enabled de SSTab1 no es válido.
Línea 85: el nombre de la propiedad Tab(2).ControlCount de SSTab1 no es válido.
Línea 86: el nombre de la propiedad TabCaption(3) de SSTab1 no es válido.
Línea 87: el nombre de la propiedad TabPicture(3) de SSTab1 no es válido.
Línea 88: el nombre de la propiedad Tab(3).ControlEnabled de SSTab1 no es válido.
Línea 89: el nombre de la propiedad Tab(3).Control(0) de SSTab1 no es válido.
Línea 90: el nombre de la propiedad Tab(3).Control(0).Enabled de SSTab1 no es válido.
Línea 91: el nombre de la propiedad Tab(3).Control(1) de SSTab1 no es válido.
Línea 92: el nombre de la propiedad Tab(3).Control(1).Enabled de SSTab1 no es válido.
Línea 93: el nombre de la propiedad Tab(3).Control(2) de SSTab1 no es válido.
Línea 94: el nombre de la propiedad Tab(3).Control(2).Enabled de SSTab1 no es válido.
Línea 95: el nombre de la propiedad Tab(3).Control(3) de SSTab1 no es válido.
Línea 96: el nombre de la propiedad Tab(3).Control(3).Enabled de SSTab1 no es válido.
Línea 97: el nombre de la propiedad Tab(3).Control(4) de SSTab1 no es válido.
Línea 98: el nombre de la propiedad Tab(3).Control(4).Enabled de SSTab1 no es válido.
Línea 99: el nombre de la propiedad Tab(3).Control(5) de SSTab1 no es válido.
Línea 100: el nombre de la propiedad Tab(3).Control(5).Enabled de SSTab1 no es válido.
Línea 101: el nombre de la propiedad Tab(3).Control(6) de SSTab1 no es válido.
Línea 102: el nombre de la propiedad Tab(3).Control(6).Enabled de SSTab1 no es válido.
Línea 103: el nombre de la propiedad Tab(3).Control(7) de SSTab1 no es válido.
Línea 104: el nombre de la propiedad Tab(3).Control(7).Enabled de SSTab1 no es válido.
Línea 105: el nombre de la propiedad Tab(3).Control(8) de SSTab1 no es válido.
Línea 106: el nombre de la propiedad Tab(3).Control(8).Enabled de SSTab1 no es válido.
Línea 107: el nombre de la propiedad Tab(3).Control(9) de SSTab1 no es válido.
Línea 108: el nombre de la propiedad Tab(3).Control(9).Enabled de SSTab1 no es válido.
Línea 109: el nombre de la propiedad Tab(3).Control(10) de SSTab1 no es válido.
Línea 110: el nombre de la propiedad Tab(3).Control(10).Enabled de SSTab1 no es válido.
Línea 111: el nombre de la propiedad Tab(3).Control(11) de SSTab1 no es válido.
Línea 112: el nombre de la propiedad Tab(3).Control(11).Enabled de SSTab1 no es válido.
Línea 113: el nombre de la propiedad Tab(3).Control(12) de SSTab1 no es válido.
Línea 114: el nombre de la propiedad Tab(3).Control(12).Enabled de SSTab1 no es válido.
Línea 115: el nombre de la propiedad Tab(3).Control(13) de SSTab1 no es válido.
Línea 116: el nombre de la propiedad Tab(3).Control(13).Enabled de SSTab1 no es válido.
Línea 117: el nombre de la propiedad Tab(3).Control(14) de SSTab1 no es válido.
Línea 118: el nombre de la propiedad Tab(3).Control(14).Enabled de SSTab1 no es válido.
Línea 119: el nombre de la propiedad Tab(3).Control(15) de SSTab1 no es válido.
Línea 120: el nombre de la propiedad Tab(3).Control(15).Enabled de SSTab1 no es válido.
Línea 121: el nombre de la propiedad Tab(3).Control(16) de SSTab1 no es válido.
Línea 122: el nombre de la propiedad Tab(3).Control(16).Enabled de SSTab1 no es válido.
Línea 123: el nombre de la propiedad Tab(3).Control(17) de SSTab1 no es válido.
Línea 124: el nombre de la propiedad Tab(3).Control(17).Enabled de SSTab1 no es válido.
Línea 125: el nombre de la propiedad Tab(3).Control(18) de SSTab1 no es válido.
Línea 126: el nombre de la propiedad Tab(3).Control(18).Enabled de SSTab1 no es válido.
Línea 127: el nombre de la propiedad Tab(3).ControlCount de SSTab1 no es válido.
Línea 128: el nombre de la propiedad TabCaption(4) de SSTab1 no es válido.
Línea 129: el nombre de la propiedad TabPicture(4) de SSTab1 no es válido.
Línea 130: el nombre de la propiedad Tab(4).ControlEnabled de SSTab1 no es válido.
Línea 131: el nombre de la propiedad Tab(4).Control(0) de SSTab1 no es válido.
Línea 132: el nombre de la propiedad Tab(4).Control(1) de SSTab1 no es válido.
Línea 133: el nombre de la propiedad Tab(4).Control(2) de SSTab1 no es válido.
Línea 134: el nombre de la propiedad Tab(4).Control(3) de SSTab1 no es válido.
Línea 135: el nombre de la propiedad Tab(4).Control(4) de SSTab1 no es válido.
Línea 136: el nombre de la propiedad Tab(4).Control(5) de SSTab1 no es válido.
Línea 137: el nombre de la propiedad Tab(4).Control(6) de SSTab1 no es válido.
Línea 138: el nombre de la propiedad Tab(4).Control(7) de SSTab1 no es válido.
Línea 139: el nombre de la propiedad Tab(4).Control(8) de SSTab1 no es válido.
Línea 140: el nombre de la propiedad Tab(4).Control(9) de SSTab1 no es válido.
Línea 141: el nombre de la propiedad Tab(4).Control(10) de SSTab1 no es válido.
Línea 142: el nombre de la propiedad Tab(4).Control(11) de SSTab1 no es válido.
Línea 143: el nombre de la propiedad Tab(4).Control(12) de SSTab1 no es válido.
Línea 144: el nombre de la propiedad Tab(4).Control(13) de SSTab1 no es válido.
Línea 145: el nombre de la propiedad Tab(4).Control(14) de SSTab1 no es válido.
Línea 146: el nombre de la propiedad Tab(4).Control(15) de SSTab1 no es válido.
Línea 147: el nombre de la propiedad Tab(4).Control(16) de SSTab1 no es válido.
Línea 148: el nombre de la propiedad Tab(4).Control(17) de SSTab1 no es válido.
Línea 149: el nombre de la propiedad Tab(4).Control(18) de SSTab1 no es válido.
Línea 150: el nombre de la propiedad Tab(4).Control(19) de SSTab1 no es válido.
Línea 151: el nombre de la propiedad Tab(4).Control(20) de SSTab1 no es válido.
Línea 152: el nombre de la propiedad Tab(4).ControlCount de SSTab1 no es válido.
Línea 153: el nombre de la propiedad TabCaption(5) de SSTab1 no es válido.
Línea 154: el nombre de la propiedad TabPicture(5) de SSTab1 no es válido.
Línea 155: el nombre de la propiedad Tab(5).ControlEnabled de SSTab1 no es válido.
Línea 156: el nombre de la propiedad Tab(5).Control(0) de SSTab1 no es válido.
Línea 157: el nombre de la propiedad Tab(5).Control(0).Enabled de SSTab1 no es válido.
Línea 158: el nombre de la propiedad Tab(5).Control(1) de SSTab1 no es válido.
Línea 159: el nombre de la propiedad Tab(5).Control(1).Enabled de SSTab1 no es válido.
Línea 160: el nombre de la propiedad Tab(5).Control(2) de SSTab1 no es válido.
Línea 161: el nombre de la propiedad Tab(5).Control(2).Enabled de SSTab1 no es válido.
Línea 162: el nombre de la propiedad Tab(5).Control(3) de SSTab1 no es válido.
Línea 163: el nombre de la propiedad Tab(5).Control(3).Enabled de SSTab1 no es válido.
Línea 164: el nombre de la propiedad Tab(5).Control(4) de SSTab1 no es válido.
Línea 165: el nombre de la propiedad Tab(5).Control(4).Enabled de SSTab1 no es válido.
Línea 166: el nombre de la propiedad Tab(5).Control(5) de SSTab1 no es válido.
Línea 167: el nombre de la propiedad Tab(5).Control(5).Enabled de SSTab1 no es válido.
Línea 168: el nombre de la propiedad Tab(5).Control(6) de SSTab1 no es válido.
Línea 169: el nombre de la propiedad Tab(5).Control(6).Enabled de SSTab1 no es válido.
Línea 170: el nombre de la propiedad Tab(5).Control(7) de SSTab1 no es válido.
Línea 171: el nombre de la propiedad Tab(5).Control(7).Enabled de SSTab1 no es válido.
Línea 172: el nombre de la propiedad Tab(5).ControlCount de SSTab1 no es válido.
Línea 173: el nombre de la propiedad TabCaption(6) de SSTab1 no es válido.
Línea 174: el nombre de la propiedad TabPicture(6) de SSTab1 no es válido.
Línea 175: el nombre de la propiedad Tab(6).ControlEnabled de SSTab1 no es válido.
Línea 176: el nombre de la propiedad Tab(6).Control(0) de SSTab1 no es válido.
Línea 177: el nombre de la propiedad Tab(6).Control(0).Enabled de SSTab1 no es válido.
Línea 178: el nombre de la propiedad Tab(6).Control(1) de SSTab1 no es válido.
Línea 179: el nombre de la propiedad Tab(6).Control(1).Enabled de SSTab1 no es válido.
Línea 180: el nombre de la propiedad Tab(6).Control(2) de SSTab1 no es válido.
Línea 181: el nombre de la propiedad Tab(6).Control(2).Enabled de SSTab1 no es válido.
Línea 182: el nombre de la propiedad Tab(6).Control(3) de SSTab1 no es válido.
Línea 183: el nombre de la propiedad Tab(6).Control(3).Enabled de SSTab1 no es válido.
Línea 184: el nombre de la propiedad Tab(6).Control(4) de SSTab1 no es válido.
Línea 185: el nombre de la propiedad Tab(6).Control(4).Enabled de SSTab1 no es válido.
Línea 186: el nombre de la propiedad Tab(6).ControlCount de SSTab1 no es válido.
Línea 187: el nombre de la propiedad TabCaption(7) de SSTab1 no es válido.
Línea 188: el nombre de la propiedad TabPicture(7) de SSTab1 no es válido.
Línea 189: el nombre de la propiedad Tab(7).ControlEnabled de SSTab1 no es válido.
Línea 190: el nombre de la propiedad Tab(7).Control(0) de SSTab1 no es válido.
Línea 191: el nombre de la propiedad Tab(7).Control(0).Enabled de SSTab1 no es válido.
Línea 192: el nombre de la propiedad Tab(7).Control(1) de SSTab1 no es válido.
Línea 193: el nombre de la propiedad Tab(7).Control(1).Enabled de SSTab1 no es válido.
Línea 194: el nombre de la propiedad Tab(7).Control(2) de SSTab1 no es válido.
Línea 195: el nombre de la propiedad Tab(7).Control(2).Enabled de SSTab1 no es válido.
Línea 196: el nombre de la propiedad Tab(7).Control(3) de SSTab1 no es válido.
Línea 197: el nombre de la propiedad Tab(7).Control(3).Enabled de SSTab1 no es válido.
Línea 198: el nombre de la propiedad Tab(7).Control(4) de SSTab1 no es válido.
Línea 199: el nombre de la propiedad Tab(7).Control(4).Enabled de SSTab1 no es válido.
Línea 200: el nombre de la propiedad Tab(7).Control(5) de SSTab1 no es válido.
Línea 201: el nombre de la propiedad Tab(7).Control(5).Enabled de SSTab1 no es válido.
Línea 202: el nombre de la propiedad Tab(7).Control(6) de SSTab1 no es válido.
Línea 203: el nombre de la propiedad Tab(7).Control(6).Enabled de SSTab1 no es válido.
Línea 204: el nombre de la propiedad Tab(7).Control(7) de SSTab1 no es válido.
Línea 205: el nombre de la propiedad Tab(7).Control(7).Enabled de SSTab1 no es válido.
Línea 206: el nombre de la propiedad Tab(7).Control(8) de SSTab1 no es válido.
Línea 207: el nombre de la propiedad Tab(7).Control(8).Enabled de SSTab1 no es válido.
Línea 208: el nombre de la propiedad Tab(7).Control(9) de SSTab1 no es válido.
Línea 209: el nombre de la propiedad Tab(7).Control(9).Enabled de SSTab1 no es válido.
Línea 210: el nombre de la propiedad Tab(7).Control(10) de SSTab1 no es válido.
Línea 211: el nombre de la propiedad Tab(7).Control(10).Enabled de SSTab1 no es válido.
Línea 212: el nombre de la propiedad Tab(7).Control(11) de SSTab1 no es válido.
Línea 213: el nombre de la propiedad Tab(7).Control(11).Enabled de SSTab1 no es válido.
Línea 214: el nombre de la propiedad Tab(7).ControlCount de SSTab1 no es válido.
Línea 215: el nombre de la propiedad TabCaption(8) de SSTab1 no es válido.
Línea 216: el nombre de la propiedad TabPicture(8) de SSTab1 no es válido.
Línea 217: el nombre de la propiedad Tab(8).ControlEnabled de SSTab1 no es válido.
Línea 218: el nombre de la propiedad Tab(8).Control(0) de SSTab1 no es válido.
Línea 219: el nombre de la propiedad Tab(8).Control(0).Enabled de SSTab1 no es válido.
Línea 220: el nombre de la propiedad Tab(8).Control(1) de SSTab1 no es válido.
Línea 221: el nombre de la propiedad Tab(8).Control(1).Enabled de SSTab1 no es válido.
Línea 222: el nombre de la propiedad Tab(8).Control(2) de SSTab1 no es válido.
Línea 223: el nombre de la propiedad Tab(8).Control(2).Enabled de SSTab1 no es válido.
Línea 224: el nombre de la propiedad Tab(8).Control(3) de SSTab1 no es válido.
Línea 225: el nombre de la propiedad Tab(8).Control(3).Enabled de SSTab1 no es válido.
Línea 226: el nombre de la propiedad Tab(8).Control(4) de SSTab1 no es válido.
Línea 227: el nombre de la propiedad Tab(8).Control(4).Enabled de SSTab1 no es válido.
Línea 228: el nombre de la propiedad Tab(8).Control(5) de SSTab1 no es válido.
Línea 229: el nombre de la propiedad Tab(8).Control(5).Enabled de SSTab1 no es válido.
Línea 230: el nombre de la propiedad Tab(8).ControlCount de SSTab1 no es válido.
Línea 231: el nombre de la propiedad TabCaption(9) de SSTab1 no es válido.
Línea 232: el nombre de la propiedad TabPicture(9) de SSTab1 no es válido.
Línea 233: el nombre de la propiedad Tab(9).ControlEnabled de SSTab1 no es válido.
Línea 234: el nombre de la propiedad Tab(9).Control(0) de SSTab1 no es válido.
Línea 235: el nombre de la propiedad Tab(9).Control(0).Enabled de SSTab1 no es válido.
Línea 236: el nombre de la propiedad Tab(9).Control(1) de SSTab1 no es válido.
Línea 237: el nombre de la propiedad Tab(9).Control(1).Enabled de SSTab1 no es válido.
Línea 238: el nombre de la propiedad Tab(9).Control(2) de SSTab1 no es válido.
Línea 239: el nombre de la propiedad Tab(9).Control(2).Enabled de SSTab1 no es válido.
Línea 240: el nombre de la propiedad Tab(9).Control(3) de SSTab1 no es válido.
Línea 241: el nombre de la propiedad Tab(9).Control(3).Enabled de SSTab1 no es válido.
Línea 242: el nombre de la propiedad Tab(9).Control(4) de SSTab1 no es válido.
Línea 243: el nombre de la propiedad Tab(9).Control(4).Enabled de SSTab1 no es válido.
Línea 244: el nombre de la propiedad Tab(9).Control(5) de SSTab1 no es válido.
Línea 245: el nombre de la propiedad Tab(9).Control(5).Enabled de SSTab1 no es válido.
Línea 246: el nombre de la propiedad Tab(9).Control(6) de SSTab1 no es válido.
Línea 247: el nombre de la propiedad Tab(9).Control(6).Enabled de SSTab1 no es válido.
Línea 248: el nombre de la propiedad Tab(9).Control(7) de SSTab1 no es válido.
Línea 249: el nombre de la propiedad Tab(9).Control(7).Enabled de SSTab1 no es válido.
Línea 250: el nombre de la propiedad Tab(9).Control(8) de SSTab1 no es válido.
Línea 251: el nombre de la propiedad Tab(9).Control(8).Enabled de SSTab1 no es válido.
Línea 252: el nombre de la propiedad Tab(9).ControlCount de SSTab1 no es válido.
Línea 2538: el nombre de la propiedad _ExtentX de Toolbar1 no es válido.
Línea 2539: el nombre de la propiedad _ExtentY de Toolbar1 no es válido.
Línea 2540: el nombre de la propiedad ButtonWidth de Toolbar1 no es válido.
Línea 2541: el nombre de la propiedad ButtonHeight de Toolbar1 no es válido.
Línea 2542: el nombre de la propiedad AllowCustomize de Toolbar1 no es válido.
Línea 2544: el nombre de la propiedad _Version de Toolbar1 no es válido.
Línea 2566: el nombre de la propiedad Buttons de Toolbar1 no es válido.
Línea 2574: el nombre de la propiedad _ExtentX de Data1 no es válido.
Línea 2575: el nombre de la propiedad _ExtentY de Data1 no es válido.
Línea 2576: el nombre de la propiedad ConnectMode de Data1 no es válido.
Línea 2577: el nombre de la propiedad CursorLocation de Data1 no es válido.
Línea 2578: el nombre de la propiedad IsolationLevel de Data1 no es válido.
Línea 2579: el nombre de la propiedad ConnectionTimeout de Data1 no es válido.
Línea 2580: el nombre de la propiedad CommandTimeout de Data1 no es válido.
Línea 2581: el nombre de la propiedad CursorType de Data1 no es válido.
Línea 2582: el nombre de la propiedad LockType de Data1 no es válido.
Línea 2583: el nombre de la propiedad CommandType de Data1 no es válido.
Línea 2584: el nombre de la propiedad CursorOptions de Data1 no es válido.
Línea 2585: el nombre de la propiedad CacheSize de Data1 no es válido.
Línea 2586: el nombre de la propiedad MaxRecords de Data1 no es válido.
Línea 2587: el nombre de la propiedad BOFAction de Data1 no es válido.
Línea 2588: el nombre de la propiedad EOFAction de Data1 no es válido.
Línea 2589: el nombre de la propiedad ConnectStringType de Data1 no es válido.
Línea 2593: el nombre de la propiedad Orientation de Data1 no es válido.
Línea 2595: el nombre de la propiedad Connect de Data1 no es válido.
Línea 2596: el nombre de la propiedad OLEDBString de Data1 no es válido.
Línea 2597: el nombre de la propiedad OLEDBFile de Data1 no es válido.
Línea 2598: el nombre de la propiedad DataSourceName de Data1 no es válido.
Línea 2599: el nombre de la propiedad OtherAttributes de Data1 no es válido.
Línea 2600: el nombre de la propiedad UserName de Data1 no es válido.
Línea 2601: el nombre de la propiedad Password de Data1 no es válido.
Línea 2602: el nombre de la propiedad RecordSource de Data1 no es válido.
Línea 2603: el nombre de la propiedad Caption de Data1 no es válido.
Línea 2613: el nombre de la propiedad _Version de Data1 no es válido.
